<?xml version="1.0" encoding="UTF-8"?>
<!-- Generated by org.testng.reporters.JUnitReportReporter -->
<testsuite hostname="DESKTOP-IG5V1RQ" failures="0" tests="12" name="testingAlomsafer.MyTestCases" time="13.510" errors="0" timestamp="2024-10-29T13:01:07 EET" skipped="0">
  <testcase classname="testingAlomsafer.MyTestCases" name="checkWebLungae" time="0.065"/>
  <system-out/>
  <testcase classname="testingAlomsafer.MyTestCases" name="checkCurrency" time="0.068"/>
  <system-out/>
  <testcase classname="testingAlomsafer.MyTestCases" name="checkPhoneNumber" time="0.043"/>
  <system-out/>
  <testcase classname="testingAlomsafer.MyTestCases" name="checkQitafLogo" time="0.058"/>
  <system-out/>
  <testcase classname="testingAlomsafer.MyTestCases" name="checkIfSearchHotelIsSelected" time="0.276"/>
  <system-out/>
  <testcase classname="testingAlomsafer.MyTestCases" name="checkFlightDeparture" time="1.608"/>
  <system-out/>
  <testcase classname="testingAlomsafer.MyTestCases" name="checkFlightReturn" time="0.417"/>
  <system-out/>
  <testcase classname="testingAlomsafer.MyTestCases" name="chuangenLaungeRandomly" time="2.096"/>
  <system-out/>
  <testcase classname="testingAlomsafer.MyTestCases" name="chuangenLaungeRandomly" time="1.973"/>
  <system-out/>
  <testcase classname="testingAlomsafer.MyTestCases" name="chuangenLaungeRandomly" time="2.679"/>
  <system-out/>
  <testcase classname="testingAlomsafer.MyTestCases" name="chuangenLaungeRandomly" time="2.162"/>
  <system-out/>
  <testcase classname="testingAlomsafer.MyTestCases" name="chuangenLaungeRandomly" time="2.065"/>
  <system-out/>
</testsuite> <!-- testingAlomsafer.MyTestCases -->
