<?xml version="1.0" encoding="UTF-8"?>
<!-- Generated by org.testng.reporters.JUnitReportReporter -->
<testsuite hostname="DESKTOP-IG5V1RQ" failures="0" tests="11" name="testingAlomsafer.MyTestCases" time="25.830" errors="0" timestamp="2024-10-30T18:18:23 EET" skipped="0">
  <testcase classname="testingAlomsafer.MyTestCases" name="checkWebLungae" time="0.059"/>
  <system-out/>
  <testcase classname="testingAlomsafer.MyTestCases" name="checkCurrency" time="0.116"/>
  <system-out/>
  <testcase classname="testingAlomsafer.MyTestCases" name="checkPhoneNumber" time="1.495"/>
  <system-out/>
  <testcase classname="testingAlomsafer.MyTestCases" name="checkQitafLogo" time="0.411"/>
  <system-out/>
  <testcase classname="testingAlomsafer.MyTestCases" name="checkIfSearchHotelIsSelected" time="0.064"/>
  <system-out/>
  <testcase classname="testingAlomsafer.MyTestCases" name="checkFlightDeparture" time="0.141"/>
  <system-out/>
  <testcase classname="testingAlomsafer.MyTestCases" name="checkFlightReturn" time="0.215"/>
  <system-out/>
  <testcase classname="testingAlomsafer.MyTestCases" name="chuangenLaungeRandomly" time="1.770"/>
  <system-out/>
  <testcase classname="testingAlomsafer.MyTestCases" name="switchToHotelSerarhBar" time="1.789"/>
  <system-out/>
  <testcase classname="testingAlomsafer.MyTestCases" name="choseNumberOfGuests" time="18.567"/>
  <system-out/>
  <testcase classname="testingAlomsafer.MyTestCases" name="checkLostPrice" time="1.203"/>
  <system-out/>
</testsuite> <!-- testingAlomsafer.MyTestCases -->
