<?xml version="1.0" encoding="UTF-8"?>
<!-- Generated by org.testng.reporters.JUnitReportReporter -->
<testsuite hostname="DESKTOP-IG5V1RQ" failures="0" tests="4" name="testingAlomsafer.MyTestCases" time="0.249" errors="0" timestamp="2024-10-27T17:31:03 EET" skipped="0">
  <testcase classname="testingAlomsafer.MyTestCases" name="CheckWebLungae" time="0.074"/>
  <system-out/>
  <testcase classname="testingAlomsafer.MyTestCases" name="CheckCurrency" time="0.086"/>
  <system-out/>
  <testcase classname="testingAlomsafer.MyTestCases" name="CheckPhoneNumber" time="0.034"/>
  <system-out/>
  <testcase classname="testingAlomsafer.MyTestCases" name="CheckQitafLogo" time="0.055"/>
  <system-out/>
</testsuite> <!-- testingAlomsafer.MyTestCases -->
